/vol/cadence2018/XCELIUM1809/tools.lnx86/inca/bin/64bit/xmsim
Obtained 20 stack frames.
/vol/cadence2018/XCELIUM1809/tools.lnx86/inca/bin/64bit/../../../lib/64bit/libcbreakpad.so(_Z13use_backtracev+0x9d) [0x7fca41c44239]
/vol/cadence2018/XCELIUM1809/tools.lnx86/inca/bin/64bit/../../../lib/64bit/libcbreakpad.so(cbpad_generate_dump_on_demand+0x66) [0x7fca41c44555]
xmsim() [0x1365392]
xmsim(serror+0x95) [0x13660e5]
xmsim() [0x134cc8a]
/lib64/libpthread.so.0(+0x12b20) [0x7fca42d6eb20]
xmsim() [0x4a582a]
xmsim() [0x134c089]
xmsim() [0x134cc13]
/lib64/libpthread.so.0(+0x12b20) [0x7fca42d6eb20]
/lib64/libc.so.6(__select+0x1b) [0x7fca41f6f4bb]
/vol/cadence2018/XCELIUM1809/tools/lib/64bit/libdcapi.so(dcDoOneEventTimed+0x2c4) [0x7fca3e7e7684]
/vol/cadence2018/XCELIUM1809/tools/lib/64bit/libStrapNC.so(+0x3e702) [0x7fca3e471702]
/vol/cadence2018/XCELIUM1809/tools/lib/64bit/libStrapNC.so(Strap_Init+0x778) [0x7fca3e472168]
xmsim() [0x911d03]
xmsim() [0x49dddb]
xmsim(ncmain+0x9c) [0x497318]
xmsim(main+0x10) [0x1b6b580]
/lib64/libc.so.6(__libc_start_main+0xf3) [0x7fca41e9e7b3]
xmsim() [0x439971]
