============================================================
  Generated by:           Genus(TM) Synthesis Solution 18.14-s037_1
  Generated on:           Mar 10 2021  07:20:59 pm
  Module:                 CPU
  Operating conditions:   typical 
  Interconnect mode:      global
  Area mode:              physical library
============================================================


Path 1: UNCONSTRAINED Setup Check with Pin pc_nextPc_reg[31]/CK->D
     Startpoint: (R) is_lb_mem_reg[1]/CK
       Endpoint: (F) pc_nextPc_reg[31]/D

                                     
          Setup:-      41            
      Data Path:-    3726            

#-------------------------------------------------------------------------------------------------------------------------------
#                     Timing Point                      Flags    Arc   Edge   Cell     Fanout Load Trans Delay Arrival Instance 
#                                                                                             (fF)  (ps)  (ps)   (ps)  Location 
#-------------------------------------------------------------------------------------------------------------------------------
  is_lb_mem_reg[1]/CK                                   -       -      R     (arrival)    277    -     0     -       0    (-,-) 
  is_lb_mem_reg[1]/Q                                    -       CK->Q  R     DFF_X1         2  3.8    12    90      90    (-,-) 
  cpu_mem/g4714/ZN                                      -       A->ZN  F     INV_X1         4  5.5     8    14     104    (-,-) 
  cpu_mem/g4710__2900/ZN                                -       A1->ZN R     NAND2_X1       6  9.4    27    33     137    (-,-) 
  cpu_mem/g4693__1474/ZN                                -       A1->ZN R     AND2_X2       28 50.2    61    93     230    (-,-) 
  cpu_mem/g4679/ZN                                      -       A->ZN  F     INV_X1         2  2.9    15    14     243    (-,-) 
  cpu_mem/g4678__5266/ZN                                -       A1->ZN F     AND2_X1        8 13.5    18    49     292    (-,-) 
  cpu_mem/g4589__5266/ZN                                -       A1->ZN R     AOI22_X1       1  1.9    25    35     328    (-,-) 
  cpu_mem/g4539__6083/ZN                                -       A1->ZN F     NAND2_X1       2  2.5    11    19     346    (-,-) 
  g63079/Z                                              -       B->Z   F     MUX2_X1        3  5.2    14    67     414    (-,-) 
  g62162__8757/ZN                                       -       C1->ZN R     AOI222_X1      1  2.0    49    89     502    (-,-) 
  g62149/ZN                                             -       A->ZN  F     INV_X1         2  2.5    13    12     515    (-,-) 
  g62114__7114/Z                                        -       A->Z   F     MUX2_X1       10 15.7    24    86     601    (-,-) 
  cpu_ex_cpu_alu_sub_23_23_Y_cpu_alu_add_30_38_g2738/Z  -       A->Z   F     XOR2_X1        1  3.0    16    59     660    (-,-) 
  cpu_ex_cpu_alu_sub_23_23_Y_cpu_alu_add_30_38_g2721/CO -       CI->CO F     FA_X1          1  3.0    15    73     733    (-,-) 
  cpu_ex_cpu_alu_sub_23_23_Y_cpu_alu_add_30_38_g2720/CO -       CI->CO F     FA_X1          1  3.0    15    72     805    (-,-) 
  cpu_ex_cpu_alu_sub_23_23_Y_cpu_alu_add_30_38_g2719/CO -       CI->CO F     FA_X1          1  3.0    15    72     878    (-,-) 
  cpu_ex_cpu_alu_sub_23_23_Y_cpu_alu_add_30_38_g2718/CO -       CI->CO F     FA_X1          1  3.0    15    72     950    (-,-) 
  cpu_ex_cpu_alu_sub_23_23_Y_cpu_alu_add_30_38_g2717/CO -       CI->CO F     FA_X1          1  3.0    15    72    1022    (-,-) 
  cpu_ex_cpu_alu_sub_23_23_Y_cpu_alu_add_30_38_g2716/CO -       CI->CO F     FA_X1          1  3.0    15    72    1094    (-,-) 
  cpu_ex_cpu_alu_sub_23_23_Y_cpu_alu_add_30_38_g2715/CO -       CI->CO F     FA_X1          1  3.0    15    72    1167    (-,-) 
  cpu_ex_cpu_alu_sub_23_23_Y_cpu_alu_add_30_38_g2714/CO -       CI->CO F     FA_X1          1  3.0    15    72    1239    (-,-) 
  cpu_ex_cpu_alu_sub_23_23_Y_cpu_alu_add_30_38_g2713/CO -       CI->CO F     FA_X1          1  3.0    15    72    1311    (-,-) 
  cpu_ex_cpu_alu_sub_23_23_Y_cpu_alu_add_30_38_g2712/CO -       CI->CO F     FA_X1          1  3.0    15    72    1384    (-,-) 
  cpu_ex_cpu_alu_sub_23_23_Y_cpu_alu_add_30_38_g2711/CO -       CI->CO F     FA_X1          1  3.0    15    72    1456    (-,-) 
  cpu_ex_cpu_alu_sub_23_23_Y_cpu_alu_add_30_38_g2710/CO -       CI->CO F     FA_X1          1  3.0    15    72    1528    (-,-) 
  cpu_ex_cpu_alu_sub_23_23_Y_cpu_alu_add_30_38_g2709/CO -       CI->CO F     FA_X1          1  3.0    15    72    1600    (-,-) 
  cpu_ex_cpu_alu_sub_23_23_Y_cpu_alu_add_30_38_g2708/CO -       CI->CO F     FA_X1          1  3.0    15    72    1673    (-,-) 
  cpu_ex_cpu_alu_sub_23_23_Y_cpu_alu_add_30_38_g2707/CO -       CI->CO F     FA_X1          1  3.0    15    72    1745    (-,-) 
  cpu_ex_cpu_alu_sub_23_23_Y_cpu_alu_add_30_38_g2706/CO -       CI->CO F     FA_X1          1  3.0    15    72    1817    (-,-) 
  cpu_ex_cpu_alu_sub_23_23_Y_cpu_alu_add_30_38_g2705/CO -       CI->CO F     FA_X1          1  3.0    15    72    1890    (-,-) 
  cpu_ex_cpu_alu_sub_23_23_Y_cpu_alu_add_30_38_g2704/CO -       CI->CO F     FA_X1          1  3.0    15    72    1962    (-,-) 
  cpu_ex_cpu_alu_sub_23_23_Y_cpu_alu_add_30_38_g2703/CO -       CI->CO F     FA_X1          1  3.0    15    72    2034    (-,-) 
  cpu_ex_cpu_alu_sub_23_23_Y_cpu_alu_add_30_38_g2702/CO -       CI->CO F     FA_X1          1  3.0    15    72    2107    (-,-) 
  cpu_ex_cpu_alu_sub_23_23_Y_cpu_alu_add_30_38_g2701/CO -       CI->CO F     FA_X1          1  3.0    15    72    2179    (-,-) 
  cpu_ex_cpu_alu_sub_23_23_Y_cpu_alu_add_30_38_g2700/CO -       CI->CO F     FA_X1          1  3.0    15    72    2251    (-,-) 
  cpu_ex_cpu_alu_sub_23_23_Y_cpu_alu_add_30_38_g2699/CO -       CI->CO F     FA_X1          1  3.0    15    72    2324    (-,-) 
  cpu_ex_cpu_alu_sub_23_23_Y_cpu_alu_add_30_38_g2698/CO -       CI->CO F     FA_X1          1  3.0    15    72    2396    (-,-) 
  cpu_ex_cpu_alu_sub_23_23_Y_cpu_alu_add_30_38_g2697/CO -       CI->CO F     FA_X1          1  3.0    15    72    2468    (-,-) 
  cpu_ex_cpu_alu_sub_23_23_Y_cpu_alu_add_30_38_g2696/CO -       CI->CO F     FA_X1          1  3.0    15    72    2540    (-,-) 
  cpu_ex_cpu_alu_sub_23_23_Y_cpu_alu_add_30_38_g2695/CO -       CI->CO F     FA_X1          1  3.0    15    72    2613    (-,-) 
  cpu_ex_cpu_alu_sub_23_23_Y_cpu_alu_add_30_38_g2694/CO -       CI->CO F     FA_X1          1  3.0    15    72    2685    (-,-) 
  cpu_ex_cpu_alu_sub_23_23_Y_cpu_alu_add_30_38_g2693/CO -       CI->CO F     FA_X1          1  3.0    15    72    2757    (-,-) 
  cpu_ex_cpu_alu_sub_23_23_Y_cpu_alu_add_30_38_g2692/CO -       CI->CO F     FA_X1          1  3.0    15    72    2830    (-,-) 
  cpu_ex_cpu_alu_sub_23_23_Y_cpu_alu_add_30_38_g2691/S  -       CI->S  F     FA_X1          1  1.8    15    87    2917    (-,-) 
  g72568/ZN                                             -       A1->ZN R     AOI22_X1       1  1.9    26    34    2951    (-,-) 
  g72129/ZN                                             -       A1->ZN F     NAND3_X1       2  3.1    16    27    2978    (-,-) 
  g72080/ZN                                             -       B1->ZN R     AOI222_X1      1  1.8    48    78    3057    (-,-) 
  g72042/ZN                                             -       A1->ZN F     NAND4_X1       1  1.8    22    35    3092    (-,-) 
  g72020/ZN                                             -       A->ZN  R     AOI221_X1      1  1.9    43    77    3169    (-,-) 
  g72007/ZN                                             -       A1->ZN F     NAND2_X1       4  4.3    18    28    3197    (-,-) 
  g30862__7114/ZN                                       -       A1->ZN F     OR3_X1         1  1.1    12    66    3263    (-,-) 
  g30859__5953/ZN                                       -       A2->ZN F     OR4_X1         1  1.0    16   100    3363    (-,-) 
  g30857__8757/ZN                                       -       A1->ZN F     OR4_X1         2  5.0    22    96    3458    (-,-) 
  g30856__7118/S                                        -       A->S   F     HA_X1          1  1.7    13    56    3514    (-,-) 
  g30854__7675/ZN                                       -       A1->ZN R     NOR2_X1        1  2.0    18    26    3541    (-,-) 
  g30853__2391/ZN                                       -       B1->ZN F     OAI21_X1       3  6.6    19    28    3568    (-,-) 
  g34411/ZN                                             -       A1->ZN F     AND2_X2       30 50.2    29    64    3632    (-,-) 
  g33889/ZN                                             -       B1->ZN R     AOI222_X1      1  2.0    49    85    3717    (-,-) 
  g33825/ZN                                             -       A->ZN  F     INV_X1         1  1.4    11     9    3726    (-,-) 
  pc_nextPc_reg[31]/D                                   -       -      F     DFF_X1         1    -     -     0    3726    (-,-) 
#-------------------------------------------------------------------------------------------------------------------------------

