xrun(64): 18.09-s011: (c) Copyright 1995-2019 Cadence Design Systems, Inc.
TOOL:	xrun(64)	18.09-s011: Started on Feb 04, 2021 at 01:01:24 CST
xrun
	-64bit
	-gui
	-access r
	-xmelab_args "-warnmax 0 -delay_mode zero -maxdelays"
	./lib/mux_n.v
	./lib/nor_gate.v
	./lib/not_gate_n.v
	./lib/not_gate.v
	./lib/and_gate.v
	./lib/or_gate_32.v
	./lib/or_gate.v
	./lib/dec_n.v
	./lib/dffr.v
	./lib/xnor_gate.v
	./lib/dff.v
	./lib/mux_32.v
	./lib/xor_gate.v
	./lib/mux.v
	./lib/alu_32.v
	./lib/EX_stage.v
	./lib/ALUctrl.v
	./lib/Extender.v
	./lib/alu_msb.v
	./lib/forwarding_ex.v
	./lib/srl.v
	./lib/alu_unit.v
	./lib/full_alu.v
	./lib/and_6.v
	./lib/ID_stage.v
	./lib/ifecth.v
	./lib/Control_signal.v
	./lib/IF_stage.v
	./lib/PC.v
	./lib/WB_stage.v
	./lib/readReg.v
	./lib/write32.v
	./lib/Mem_stage.v
	./lib/RegisterFiles.v
	./lib/writeReg.v
	./lib/sll.v
	./lib/slt_sltu.v
	./lib/CPU.v
	./lib/syncram.v
	./lib/sram.v
	/vol/ece303/genus_tutorial/NangateOpenCellLibrary.v

-------------------------------------
Relinquished control to SimVision...
xcelium> 
xcelium> source /vol/cadence2018/XCELIUM1809/tools/xcelium/files/xmsimrc
xcelium> ^C
xcelium> exit
TOOL:	xrun(64)	18.09-s011: Exiting on Feb 04, 2021 at 01:01:38 CST  (total: 00:00:14)
