============================================================
  Generated by:           Genus(TM) Synthesis Solution 18.14-s037_1
  Generated on:           Jan 30 2021  04:56:54 pm
  Module:                 alu_32
  Operating conditions:   typical 
  Interconnect mode:      global
  Area mode:              physical library
============================================================


Path 1: MET (0 ps) Path Delay Check
     Startpoint: (F) A[0]
       Endpoint: (R) Set

                   Capture    Launch  
      Path Delay:+    1000         -  
      Drv Adjust:+       0         0  
         Arrival:=    1000            
                                      
   Required Time:=    1000            
       Data Path:-    1000            
           Slack:=       0            

Exceptions/Constraints:
  max_delay             1000            alu_conv.sdc_line_16 

#-----------------------------------------------------------------------------------------
#  Timing Point   Flags    Arc   Edge   Cell     Fanout Load Trans Delay Arrival Instance 
#                                                       (fF)  (ps)  (ps)   (ps)  Location 
#-----------------------------------------------------------------------------------------
  A[0]            -       -      F     (arrival)      1  3.3     0     0       0    (-,-) 
  drc_bufs18710/Z -       A->Z   F     BUF_X4         4  6.8     5    21      21    (-,-) 
  g18000__1840/ZN -       A1->ZN R     NAND2_X1       1  3.8    14    18      39    (-,-) 
  g17953__1474/ZN -       A2->ZN F     NAND2_X2       2  4.4     8    16      55    (-,-) 
  g17807__2391/ZN -       A2->ZN R     NAND2_X1       1  3.5    13    21      76    (-,-) 
  g17804__1474/ZN -       A->ZN  F     OAI21_X2       2  5.6    12    22      98    (-,-) 
  g17792__2703/ZN -       B1->ZN R     AOI21_X2       2  5.3    26    32     130    (-,-) 
  g17776__8757/ZN -       B1->ZN F     OAI21_X2       2  5.4    13    21     150    (-,-) 
  g17770__2683/ZN -       B1->ZN R     AOI21_X2       2  3.9    22    29     180    (-,-) 
  g17747__9906/ZN -       B1->ZN F     OAI21_X1       2  4.2    14    24     203    (-,-) 
  g17745/ZN       -       A->ZN  R     INV_X1         1  2.0     9    16     219    (-,-) 
  g17742__6083/ZN -       B1->ZN F     OAI21_X1       2  4.1    13    18     237    (-,-) 
  g17736/ZN       -       A->ZN  R     INV_X1         1  2.0     9    16     253    (-,-) 
  g17731__6877/ZN -       B1->ZN F     OAI21_X1       2  4.2    14    19     271    (-,-) 
  g17730/ZN       -       A->ZN  R     INV_X1         1  2.0     9    16     287    (-,-) 
  g17728__8780/ZN -       B1->ZN F     OAI21_X1       2  4.1    13    18     306    (-,-) 
  g17721__9906/ZN -       A->ZN  R     OAI21_X1       1  1.9    20    23     328    (-,-) 
  g17717__5795/ZN -       A1->ZN F     NAND2_X1       2  4.2    12    22     350    (-,-) 
  g17715__6083/ZN -       A1->ZN R     NAND2_X1       1  2.0    10    17     367    (-,-) 
  g17714__5703/ZN -       A->ZN  F     OAI21_X1       2  4.1    18    24     390    (-,-) 
  g17707__8757/ZN -       A1->ZN R     NAND2_X1       1  1.9    10    19     410    (-,-) 
  g17703__7675/ZN -       A1->ZN F     NAND2_X1       2  4.1    11    18     428    (-,-) 
  g17701__6877/ZN -       A1->ZN R     NAND2_X1       1  1.9    10    16     444    (-,-) 
  g17697__9682/ZN -       A1->ZN F     NAND2_X1       2  4.1    11    18     462    (-,-) 
  g17695__3772/ZN -       A1->ZN R     NAND2_X1       1  1.9    10    16     478    (-,-) 
  g17691__9906/ZN -       A1->ZN F     NAND2_X1       1  3.0     9    16     494    (-,-) 
  g17682__5795/CO -       CI->CO F     FA_X1          1  3.0    15    70     564    (-,-) 
  g17679__6083/CO -       CI->CO F     FA_X1          3  5.8    19    79     643    (-,-) 
  g17675__2250/ZN -       A1->ZN R     NAND2_X1       2  3.8    14    25     668    (-,-) 
  g17671__5703/ZN -       A1->ZN F     NAND2_X1       3  5.7    14    23     691    (-,-) 
  g17668__7675/ZN -       A1->ZN R     NAND2_X1       5  9.8    28    37     727    (-,-) 
  g17658__3772/Z  -       S->Z   F     MUX2_X1        1  1.7    10    61     789    (-,-) 
  g17639__7675/ZN -       B1->ZN R     AOI21_X1       5 10.4    62    71     860    (-,-) 
  g17624__5019/ZN -       A->ZN  R     XNOR2_X1       1  1.9    21    51     910    (-,-) 
  g17609__5953/ZN -       B1->ZN F     AOI21_X1       2  2.8    14    20     930    (-,-) 
  g17603__9682/Z  -       A->Z   F     MUX2_X1        1  1.8    10    60     991    (-,-) 
  g17601/ZN       -       A->ZN  R     INV_X1         1  0.4     5     9    1000    (-,-) 
  Set             -       -      R     (port)         -    -     -     0    1000    (-,-) 
#-----------------------------------------------------------------------------------------

