Cadence Genus(TM) Synthesis Solution.
Copyright 2018 Cadence Design Systems, Inc. All rights reserved worldwide.
Cadence and the Cadence logo are registered trademarks and Genus is a trademark
of Cadence Design Systems, Inc. in the United States and other countries.

Version: 18.14-s037_1, built Wed Mar 27 10:19:21 PDT 2019
Options: 
Date:    Wed Jan 27 22:59:13 2021
Host:    alfred.ece.northwestern.edu (x86_64 w/Linux 4.18.0-240.8.1.el8_3.x86_64) (8cores*8cpus*1physical cpu*Intel(R) Core(TM) i7-9700 CPU @ 3.00GHz 12288KB) (16035364KB)
OS:      Red Hat Enterprise Linux release 8.3 (Ootpa)

Checking out license: Genus_Synthesis

Loading tool scripts...

Finished loading tool scripts (3 seconds elapsed).

WARNING: This version of the tool is 672 days old.
@genus:root: 1> read_hdl CPU.v
@genus:root: 2> read_hdl asdf.v
Info    : Message severity has been changed from default value. [MESG-7]
        : Message 'VLOGPT-650' default severity is 'Warning'
Error   : Cannot open file. [VLOGPT-650] [read_hdl]
        : File 'asdf.v'.
        : The specified file could not be opened.  Check the value of the init_hdl_search_path attribute.
1
@genus:root: 3> read_hdl dec_n.v dff.v dffr.v
@genus:root: 4> elaborate
Error   : Failed to execute command. [LBR-163] [elaborate]
        : No target technology library was loaded.
        : Specify libraries using read_libs or read_mmmc.
1
@genus:root: 5> exit
